2018-03-14 15:31:37,622 INFO 6652 [Timer] D:\develop\egg\jiuyishop\node_modules\egg-logrotator\app\schedule\clean_log.js next time will execute at 2018-03-15 00:00:00.000
2018-03-14 15:31:37,622 INFO 6652 [Timer] D:\develop\egg\jiuyishop\node_modules\egg-logrotator\app\schedule\rotate_by_file.js next time will execute at 2018-03-15 00:00:01.000
2018-03-14 15:32:24,132 INFO 8364 [Timer] D:\develop\egg\jiuyishop\node_modules\egg-logrotator\app\schedule\clean_log.js next time will execute at 2018-03-15 00:00:00.000
2018-03-14 15:32:24,133 INFO 8364 [Timer] D:\develop\egg\jiuyishop\node_modules\egg-logrotator\app\schedule\rotate_by_file.js next time will execute at 2018-03-15 00:00:01.000
2018-03-14 16:13:40,580 INFO 6480 [Timer] D:\develop\egg\jiuyishop\node_modules\egg-logrotator\app\schedule\clean_log.js next time will execute at 2018-03-15 00:00:00.000
2018-03-14 16:13:40,580 INFO 6480 [Timer] D:\develop\egg\jiuyishop\node_modules\egg-logrotator\app\schedule\rotate_by_file.js next time will execute at 2018-03-15 00:00:01.000
2018-03-14 16:24:30,291 INFO 5836 [Timer] D:\develop\egg\jiuyishop\node_modules\egg-logrotator\app\schedule\clean_log.js next time will execute at 2018-03-15 00:00:00.000
2018-03-14 16:24:30,291 INFO 5836 [Timer] D:\develop\egg\jiuyishop\node_modules\egg-logrotator\app\schedule\rotate_by_file.js next time will execute at 2018-03-15 00:00:01.000
2018-03-14 16:26:01,600 INFO 11956 [Timer] D:\develop\egg\jiuyishop\node_modules\egg-logrotator\app\schedule\clean_log.js next time will execute at 2018-03-15 00:00:00.000
2018-03-14 16:26:01,600 INFO 11956 [Timer] D:\develop\egg\jiuyishop\node_modules\egg-logrotator\app\schedule\rotate_by_file.js next time will execute at 2018-03-15 00:00:01.000
2018-03-14 16:50:20,792 INFO 7136 [Timer] D:\develop\egg\jiuyishop\node_modules\egg-logrotator\app\schedule\clean_log.js next time will execute at 2018-03-15 00:00:00.000
2018-03-14 16:50:20,793 INFO 7136 [Timer] D:\develop\egg\jiuyishop\node_modules\egg-logrotator\app\schedule\rotate_by_file.js next time will execute at 2018-03-15 00:00:01.000
2018-03-14 17:22:44,606 INFO 12932 [Timer] D:\develop\egg\jiuyishop\node_modules\egg-logrotator\app\schedule\clean_log.js next time will execute at 2018-03-15 00:00:00.000
2018-03-14 17:22:44,607 INFO 12932 [Timer] D:\develop\egg\jiuyishop\node_modules\egg-logrotator\app\schedule\rotate_by_file.js next time will execute at 2018-03-15 00:00:01.000
2018-03-20 13:41:25,824 INFO 10652 [Timer] D:\develop\egg\jiuyishop\node_modules\egg-logrotator\app\schedule\clean_log.js next time will execute at 2018-03-21 00:00:00.000
2018-03-20 13:41:25,825 INFO 10652 [Timer] D:\develop\egg\jiuyishop\node_modules\egg-logrotator\app\schedule\rotate_by_file.js next time will execute at 2018-03-21 00:00:01.000
2018-03-21 14:12:15,278 INFO 11612 [Timer] D:\develop\shopProject\egg-bicycleStore\node_modules\egg-logrotator\app\schedule\clean_log.js next time will execute at 2018-03-22 00:00:00.000
2018-03-21 14:12:15,279 INFO 11612 [Timer] D:\develop\shopProject\egg-bicycleStore\node_modules\egg-logrotator\app\schedule\rotate_by_file.js next time will execute at 2018-03-22 00:00:01.000
2018-03-21 17:40:13,308 INFO 12996 [Timer] D:\develop\shopProject\egg-bicycleStore\node_modules\egg-logrotator\app\schedule\clean_log.js next time will execute at 2018-03-22 00:00:00.000
2018-03-21 17:40:13,308 INFO 12996 [Timer] D:\develop\shopProject\egg-bicycleStore\node_modules\egg-logrotator\app\schedule\rotate_by_file.js next time will execute at 2018-03-22 00:00:01.000
2018-03-22 10:11:35,343 INFO 11828 [Timer] D:\develop\shopProject\egg-bicycleStore\node_modules\egg-logrotator\app\schedule\clean_log.js next time will execute at 2018-03-23 00:00:00.000
2018-03-22 10:11:35,344 INFO 11828 [Timer] D:\develop\shopProject\egg-bicycleStore\node_modules\egg-logrotator\app\schedule\rotate_by_file.js next time will execute at 2018-03-23 00:00:01.000
2018-03-22 11:01:39,207 INFO 11732 [Timer] D:\develop\shopProject\egg-bicycleStore\node_modules\egg-logrotator\app\schedule\clean_log.js next time will execute at 2018-03-23 00:00:00.000
2018-03-22 11:01:39,207 INFO 11732 [Timer] D:\develop\shopProject\egg-bicycleStore\node_modules\egg-logrotator\app\schedule\rotate_by_file.js next time will execute at 2018-03-23 00:00:01.000
2018-03-22 14:22:07,920 INFO 10164 [Timer] D:\develop\shopProject\egg-bicycleStore\node_modules\egg-logrotator\app\schedule\clean_log.js next time will execute at 2018-03-23 00:00:00.000
2018-03-22 14:22:07,920 INFO 10164 [Timer] D:\develop\shopProject\egg-bicycleStore\node_modules\egg-logrotator\app\schedule\rotate_by_file.js next time will execute at 2018-03-23 00:00:01.000
2018-03-22 14:44:19,474 INFO 12320 [Timer] D:\develop\shopProject\egg-bicycleStore\node_modules\egg-logrotator\app\schedule\clean_log.js next time will execute at 2018-03-23 00:00:00.000
2018-03-22 14:44:19,475 INFO 12320 [Timer] D:\develop\shopProject\egg-bicycleStore\node_modules\egg-logrotator\app\schedule\rotate_by_file.js next time will execute at 2018-03-23 00:00:01.000
2018-03-22 14:46:07,231 INFO 4648 [Timer] D:\develop\shopProject\egg-bicycleStore\node_modules\egg-logrotator\app\schedule\clean_log.js next time will execute at 2018-03-23 00:00:00.000
2018-03-22 14:46:07,232 INFO 4648 [Timer] D:\develop\shopProject\egg-bicycleStore\node_modules\egg-logrotator\app\schedule\rotate_by_file.js next time will execute at 2018-03-23 00:00:01.000
2018-03-22 14:49:34,911 INFO 13900 [Timer] D:\develop\shopProject\egg-bicycleStore\node_modules\egg-logrotator\app\schedule\clean_log.js next time will execute at 2018-03-23 00:00:00.000
2018-03-22 14:49:34,911 INFO 13900 [Timer] D:\develop\shopProject\egg-bicycleStore\node_modules\egg-logrotator\app\schedule\rotate_by_file.js next time will execute at 2018-03-23 00:00:01.000
2018-03-23 08:55:50,644 INFO 11204 [Timer] D:\develop\shopProject\egg-bicycleStore\node_modules\egg-logrotator\app\schedule\clean_log.js next time will execute at 2018-03-24 00:00:00.000
2018-03-23 08:55:50,645 INFO 11204 [Timer] D:\develop\shopProject\egg-bicycleStore\node_modules\egg-logrotator\app\schedule\rotate_by_file.js next time will execute at 2018-03-24 00:00:01.000
2018-03-27 10:00:45,064 INFO 11704 [Timer] D:\develop\shopProject\egg-bicycleStore\node_modules\egg-logrotator\app\schedule\clean_log.js next time will execute at 2018-03-28 00:00:00.000
2018-03-27 10:00:45,065 INFO 11704 [Timer] D:\develop\shopProject\egg-bicycleStore\node_modules\egg-logrotator\app\schedule\rotate_by_file.js next time will execute at 2018-03-28 00:00:01.000
2018-03-27 16:47:03,982 INFO 9512 [Timer] D:\develop\shopProject\egg-bicycleStore\node_modules\egg-logrotator\app\schedule\clean_log.js next time will execute at 2018-03-28 00:00:00.000
2018-03-27 16:47:03,983 INFO 9512 [Timer] D:\develop\shopProject\egg-bicycleStore\node_modules\egg-logrotator\app\schedule\rotate_by_file.js next time will execute at 2018-03-28 00:00:01.000
2018-03-27 17:41:44,093 INFO 11452 [Timer] D:\develop\shopProject\egg-bicycleStore\node_modules\egg-logrotator\app\schedule\clean_log.js next time will execute at 2018-03-28 00:00:00.000
2018-03-27 17:41:44,094 INFO 11452 [Timer] D:\develop\shopProject\egg-bicycleStore\node_modules\egg-logrotator\app\schedule\rotate_by_file.js next time will execute at 2018-03-28 00:00:01.000
2018-04-10 09:51:09,800 INFO 12236 [Timer] D:\develop\shopProject1\shopProject\egg-bicycleStore\node_modules\egg-logrotator\app\schedule\clean_log.js next time will execute at 2018-04-11 00:00:00.000
2018-04-10 09:51:09,801 INFO 12236 [Timer] D:\develop\shopProject1\shopProject\egg-bicycleStore\node_modules\egg-logrotator\app\schedule\rotate_by_file.js next time will execute at 2018-04-11 00:00:01.000
2018-04-11 08:34:34,765 INFO 1756 [Timer] D:\develop\shopProject1\shopProject\egg-bicycleStore\node_modules\egg-logrotator\app\schedule\clean_log.js next time will execute at 2018-04-12 00:00:00.000
2018-04-11 08:34:34,765 INFO 1756 [Timer] D:\develop\shopProject1\shopProject\egg-bicycleStore\node_modules\egg-logrotator\app\schedule\rotate_by_file.js next time will execute at 2018-04-12 00:00:01.000
2018-04-12 11:12:50,117 INFO 13352 [Timer] D:\develop\shopProject1\shopProject\egg-bicycleStore\node_modules\egg-logrotator\app\schedule\clean_log.js next time will execute at 2018-04-13 00:00:00.000
2018-04-12 11:12:50,118 INFO 13352 [Timer] D:\develop\shopProject1\shopProject\egg-bicycleStore\node_modules\egg-logrotator\app\schedule\rotate_by_file.js next time will execute at 2018-04-13 00:00:01.000
2018-04-12 11:27:51,994 INFO 12440 [Timer] D:\develop\shopProject1\shopProject\egg-bicycleStore\node_modules\egg-logrotator\app\schedule\clean_log.js next time will execute at 2018-04-13 00:00:00.000
2018-04-12 11:27:51,995 INFO 12440 [Timer] D:\develop\shopProject1\shopProject\egg-bicycleStore\node_modules\egg-logrotator\app\schedule\rotate_by_file.js next time will execute at 2018-04-13 00:00:01.000
2018-04-13 14:03:00,953 INFO 13516 [Timer] D:\develop\shopProject1\shopProject\egg-bicycleStore\node_modules\egg-logrotator\app\schedule\clean_log.js next time will execute at 2018-04-14 00:00:00.000
2018-04-13 14:03:00,953 INFO 13516 [Timer] D:\develop\shopProject1\shopProject\egg-bicycleStore\node_modules\egg-logrotator\app\schedule\rotate_by_file.js next time will execute at 2018-04-14 00:00:01.000
2018-04-16 09:08:10,709 INFO 1668 [Timer] D:\develop\shopProject1\shopProject\egg-bicycleStore\node_modules\egg-logrotator\app\schedule\clean_log.js next time will execute at 2018-04-17 00:00:00.000
2018-04-16 09:08:10,709 INFO 1668 [Timer] D:\develop\shopProject1\shopProject\egg-bicycleStore\node_modules\egg-logrotator\app\schedule\rotate_by_file.js next time will execute at 2018-04-17 00:00:01.000
2018-04-17 09:00:24,910 INFO 12916 [Timer] D:\develop\shopProject1\shopProject\egg-bicycleStore\node_modules\egg-logrotator\app\schedule\clean_log.js next time will execute at 2018-04-18 00:00:00.000
2018-04-17 09:00:24,910 INFO 12916 [Timer] D:\develop\shopProject1\shopProject\egg-bicycleStore\node_modules\egg-logrotator\app\schedule\rotate_by_file.js next time will execute at 2018-04-18 00:00:01.000
2018-04-17 14:53:33,760 INFO 12364 [Timer] D:\develop\shopProject1\shopProject\egg-bicycleStore\node_modules\egg-logrotator\app\schedule\clean_log.js next time will execute at 2018-04-18 00:00:00.000
2018-04-17 14:53:33,761 INFO 12364 [Timer] D:\develop\shopProject1\shopProject\egg-bicycleStore\node_modules\egg-logrotator\app\schedule\rotate_by_file.js next time will execute at 2018-04-18 00:00:01.000
2018-04-18 08:52:11,588 INFO 10640 [Timer] D:\develop\shopProject1\shopProject\egg-bicycleStore\node_modules\egg-logrotator\app\schedule\clean_log.js next time will execute at 2018-04-19 00:00:00.000
2018-04-18 08:52:11,589 INFO 10640 [Timer] D:\develop\shopProject1\shopProject\egg-bicycleStore\node_modules\egg-logrotator\app\schedule\rotate_by_file.js next time will execute at 2018-04-19 00:00:01.000
2018-04-18 11:50:48,918 INFO 4956 [Timer] D:\develop\shopProject1\shopProject\egg-bicycleStore\node_modules\egg-logrotator\app\schedule\clean_log.js next time will execute at 2018-04-19 00:00:00.000
2018-04-18 11:50:48,919 INFO 4956 [Timer] D:\develop\shopProject1\shopProject\egg-bicycleStore\node_modules\egg-logrotator\app\schedule\rotate_by_file.js next time will execute at 2018-04-19 00:00:01.000
2018-04-18 13:16:54,256 INFO 9936 [Timer] D:\develop\shopProject1\shopProject\egg-bicycleStore\node_modules\egg-logrotator\app\schedule\clean_log.js next time will execute at 2018-04-19 00:00:00.000
2018-04-18 13:16:54,257 INFO 9936 [Timer] D:\develop\shopProject1\shopProject\egg-bicycleStore\node_modules\egg-logrotator\app\schedule\rotate_by_file.js next time will execute at 2018-04-19 00:00:01.000
2018-04-18 13:22:00,942 INFO 12808 [Timer] D:\develop\shopProject1\shopProject\egg-bicycleStore\node_modules\egg-logrotator\app\schedule\clean_log.js next time will execute at 2018-04-19 00:00:00.000
2018-04-18 13:22:00,942 INFO 12808 [Timer] D:\develop\shopProject1\shopProject\egg-bicycleStore\node_modules\egg-logrotator\app\schedule\rotate_by_file.js next time will execute at 2018-04-19 00:00:01.000
2018-04-18 13:41:29,239 INFO 14740 [Timer] D:\develop\shopProject1\shopProject\egg-bicycleStore\node_modules\egg-logrotator\app\schedule\clean_log.js next time will execute at 2018-04-19 00:00:00.000
2018-04-18 13:41:29,240 INFO 14740 [Timer] D:\develop\shopProject1\shopProject\egg-bicycleStore\node_modules\egg-logrotator\app\schedule\rotate_by_file.js next time will execute at 2018-04-19 00:00:01.000
2018-04-19 08:58:00,680 INFO 11528 [Timer] D:\develop\shopProject1\shopProject\egg-bicycleStore\node_modules\egg-logrotator\app\schedule\clean_log.js next time will execute at 2018-04-20 00:00:00.000
2018-04-19 08:58:00,681 INFO 11528 [Timer] D:\develop\shopProject1\shopProject\egg-bicycleStore\node_modules\egg-logrotator\app\schedule\rotate_by_file.js next time will execute at 2018-04-20 00:00:01.000
2018-04-19 09:31:41,938 INFO 6352 [Timer] D:\develop\shopProject1\shopProject\egg-bicycleStore\node_modules\egg-logrotator\app\schedule\clean_log.js next time will execute at 2018-04-20 00:00:00.000
2018-04-19 09:31:41,938 INFO 6352 [Timer] D:\develop\shopProject1\shopProject\egg-bicycleStore\node_modules\egg-logrotator\app\schedule\rotate_by_file.js next time will execute at 2018-04-20 00:00:01.000
2018-04-20 08:46:32,788 INFO 5124 [Timer] D:\develop\shopProject1\shopProject\egg-bicycleStore\node_modules\egg-logrotator\app\schedule\clean_log.js next time will execute at 2018-04-21 00:00:00.000
2018-04-20 08:46:32,789 INFO 5124 [Timer] D:\develop\shopProject1\shopProject\egg-bicycleStore\node_modules\egg-logrotator\app\schedule\rotate_by_file.js next time will execute at 2018-04-21 00:00:01.000
2018-04-20 10:12:13,102 INFO 5880 [Timer] D:\develop\shopProject1\shopProject\egg-bicycleStore\node_modules\egg-logrotator\app\schedule\clean_log.js next time will execute at 2018-04-21 00:00:00.000
2018-04-20 10:12:13,103 INFO 5880 [Timer] D:\develop\shopProject1\shopProject\egg-bicycleStore\node_modules\egg-logrotator\app\schedule\rotate_by_file.js next time will execute at 2018-04-21 00:00:01.000
2018-04-20 10:23:51,754 INFO 7240 [Timer] D:\develop\shopProject1\shopProject\egg-bicycleStore\node_modules\egg-logrotator\app\schedule\clean_log.js next time will execute at 2018-04-21 00:00:00.000
2018-04-20 10:23:51,754 INFO 7240 [Timer] D:\develop\shopProject1\shopProject\egg-bicycleStore\node_modules\egg-logrotator\app\schedule\rotate_by_file.js next time will execute at 2018-04-21 00:00:01.000
2018-04-20 11:08:52,307 INFO 9200 [Timer] D:\develop\shopProject1\shopProject\egg-bicycleStore\node_modules\egg-logrotator\app\schedule\clean_log.js next time will execute at 2018-04-21 00:00:00.000
2018-04-20 11:08:52,308 INFO 9200 [Timer] D:\develop\shopProject1\shopProject\egg-bicycleStore\node_modules\egg-logrotator\app\schedule\rotate_by_file.js next time will execute at 2018-04-21 00:00:01.000
2018-04-23 08:45:41,915 INFO 5280 [Timer] D:\develop\shopProject1\shopProject\egg-bicycleStore\node_modules\egg-logrotator\app\schedule\clean_log.js next time will execute at 2018-04-24 00:00:00.000
2018-04-23 08:45:41,915 INFO 5280 [Timer] D:\develop\shopProject1\shopProject\egg-bicycleStore\node_modules\egg-logrotator\app\schedule\rotate_by_file.js next time will execute at 2018-04-24 00:00:01.000
2018-04-23 09:28:31,840 INFO 6252 [Timer] D:\develop\shopProject1\shopProject\egg-bicycleStore\node_modules\egg-logrotator\app\schedule\clean_log.js next time will execute at 2018-04-24 00:00:00.000
2018-04-23 09:28:31,841 INFO 6252 [Timer] D:\develop\shopProject1\shopProject\egg-bicycleStore\node_modules\egg-logrotator\app\schedule\rotate_by_file.js next time will execute at 2018-04-24 00:00:01.000
2018-04-23 09:30:08,867 INFO 11128 [Timer] D:\develop\shopProject1\shopProject\egg-bicycleStore\node_modules\egg-logrotator\app\schedule\clean_log.js next time will execute at 2018-04-24 00:00:00.000
2018-04-23 09:30:08,867 INFO 11128 [Timer] D:\develop\shopProject1\shopProject\egg-bicycleStore\node_modules\egg-logrotator\app\schedule\rotate_by_file.js next time will execute at 2018-04-24 00:00:01.000
2018-04-25 09:31:30,189 INFO 2756 [Timer] D:\develop\shopProject1\shopProject\egg-bicycleStore\node_modules\egg-logrotator\app\schedule\clean_log.js next time will execute at 2018-04-26 00:00:00.000
2018-04-25 09:31:30,190 INFO 2756 [Timer] D:\develop\shopProject1\shopProject\egg-bicycleStore\node_modules\egg-logrotator\app\schedule\rotate_by_file.js next time will execute at 2018-04-26 00:00:01.000
2018-04-26 08:37:26,518 INFO 8724 [Timer] D:\develop\shopProject1\shopProject\egg-bicycleStore\node_modules\egg-logrotator\app\schedule\clean_log.js next time will execute at 2018-04-27 00:00:00.000
2018-04-26 08:37:26,518 INFO 8724 [Timer] D:\develop\shopProject1\shopProject\egg-bicycleStore\node_modules\egg-logrotator\app\schedule\rotate_by_file.js next time will execute at 2018-04-27 00:00:01.000
2018-05-03 09:15:18,961 INFO 11360 [Timer] D:\develop\shopProject1\shopProject\egg-bicycleStore\node_modules\egg-logrotator\app\schedule\clean_log.js next time will execute at 2018-05-04 00:00:00.000
2018-05-03 09:15:18,962 INFO 11360 [Timer] D:\develop\shopProject1\shopProject\egg-bicycleStore\node_modules\egg-logrotator\app\schedule\rotate_by_file.js next time will execute at 2018-05-04 00:00:01.000
2018-05-03 15:16:36,241 INFO 2112 [Timer] D:\develop\shopProject1\shopProject\egg-bicycleStore\node_modules\egg-logrotator\app\schedule\clean_log.js next time will execute at 2018-05-04 00:00:00.000
2018-05-03 15:16:36,242 INFO 2112 [Timer] D:\develop\shopProject1\shopProject\egg-bicycleStore\node_modules\egg-logrotator\app\schedule\rotate_by_file.js next time will execute at 2018-05-04 00:00:01.000
2018-05-04 09:44:31,732 INFO 5236 [Timer] D:\develop\shopProject1\shopProject\egg-bicycleStore\node_modules\egg-logrotator\app\schedule\clean_log.js next time will execute at 2018-05-05 00:00:00.000
2018-05-04 09:44:31,732 INFO 5236 [Timer] D:\develop\shopProject1\shopProject\egg-bicycleStore\node_modules\egg-logrotator\app\schedule\rotate_by_file.js next time will execute at 2018-05-05 00:00:01.000
2018-05-09 14:10:45,868 INFO 6784 [Timer] D:\develop\shopProject1\shopProject\egg-bicycleStore\node_modules\egg-logrotator\app\schedule\clean_log.js next time will execute at 2018-05-10 00:00:00.000
2018-05-09 14:10:45,869 INFO 6784 [Timer] D:\develop\shopProject1\shopProject\egg-bicycleStore\node_modules\egg-logrotator\app\schedule\rotate_by_file.js next time will execute at 2018-05-10 00:00:01.000
2018-05-10 08:50:26,502 INFO 12096 [Timer] D:\develop\shopProject1\shopProject\egg-bicycleStore\node_modules\egg-logrotator\app\schedule\clean_log.js next time will execute at 2018-05-11 00:00:00.000
2018-05-10 08:50:26,503 INFO 12096 [Timer] D:\develop\shopProject1\shopProject\egg-bicycleStore\node_modules\egg-logrotator\app\schedule\rotate_by_file.js next time will execute at 2018-05-11 00:00:01.000
2018-05-11 08:58:39,080 INFO 5716 [Timer] D:\develop\shopProject1\shopProject\egg-bicycleStore\node_modules\egg-logrotator\app\schedule\clean_log.js next time will execute at 2018-05-12 00:00:00.000
2018-05-11 08:58:39,081 INFO 5716 [Timer] D:\develop\shopProject1\shopProject\egg-bicycleStore\node_modules\egg-logrotator\app\schedule\rotate_by_file.js next time will execute at 2018-05-12 00:00:01.000
2018-05-14 13:32:19,330 INFO 11752 [Timer] D:\develop\shopProject1\shopProject\egg-bicycleStore\node_modules\egg-logrotator\app\schedule\clean_log.js next time will execute at 2018-05-15 00:00:00.000
2018-05-14 13:32:19,330 INFO 11752 [Timer] D:\develop\shopProject1\shopProject\egg-bicycleStore\node_modules\egg-logrotator\app\schedule\rotate_by_file.js next time will execute at 2018-05-15 00:00:01.000
2018-05-15 09:00:37,055 INFO 1504 [Timer] D:\develop\shopProject1\shopProject\egg-bicycleStore\node_modules\egg-logrotator\app\schedule\clean_log.js next time will execute at 2018-05-16 00:00:00.000
2018-05-15 09:00:37,055 INFO 1504 [Timer] D:\develop\shopProject1\shopProject\egg-bicycleStore\node_modules\egg-logrotator\app\schedule\rotate_by_file.js next time will execute at 2018-05-16 00:00:01.000
2018-05-17 09:17:12,524 INFO 12180 [Timer] D:\develop\shopProject1\shopProject\egg-bicycleStore\node_modules\egg-logrotator\app\schedule\clean_log.js next time will execute at 2018-05-18 00:00:00.000
2018-05-17 09:17:12,525 INFO 12180 [Timer] D:\develop\shopProject1\shopProject\egg-bicycleStore\node_modules\egg-logrotator\app\schedule\rotate_by_file.js next time will execute at 2018-05-18 00:00:01.000
2018-05-18 09:13:52,887 INFO 11128 [Timer] D:\develop\shopProject1\shopProject\egg-bicycleStore\node_modules\egg-logrotator\app\schedule\clean_log.js next time will execute at 2018-05-19 00:00:00.000
2018-05-18 09:13:52,888 INFO 11128 [Timer] D:\develop\shopProject1\shopProject\egg-bicycleStore\node_modules\egg-logrotator\app\schedule\rotate_by_file.js next time will execute at 2018-05-19 00:00:01.000
2018-06-13 10:12:03,458 INFO 12688 [Timer] D:\develop\shopProject1\shopProject\egg-bicycleStore\node_modules\egg-logrotator\app\schedule\clean_log.js next time will execute at 2018-06-14 00:00:00.000
2018-06-13 10:12:03,458 INFO 12688 [Timer] D:\develop\shopProject1\shopProject\egg-bicycleStore\node_modules\egg-logrotator\app\schedule\rotate_by_file.js next time will execute at 2018-06-14 00:00:01.000
2018-06-14 08:37:07,827 INFO 8140 [Timer] D:\develop\shopProject1\shopProject\egg-bicycleStore\node_modules\egg-logrotator\app\schedule\clean_log.js next time will execute at 2018-06-15 00:00:00.000
2018-06-14 08:37:07,828 INFO 8140 [Timer] D:\develop\shopProject1\shopProject\egg-bicycleStore\node_modules\egg-logrotator\app\schedule\rotate_by_file.js next time will execute at 2018-06-15 00:00:01.000
2018-06-14 08:59:02,337 INFO 11696 [Timer] D:\develop\shopProject1\shopProject\egg-bicycleStore\node_modules\egg-logrotator\app\schedule\clean_log.js next time will execute at 2018-06-15 00:00:00.000
2018-06-14 08:59:02,337 INFO 11696 [Timer] D:\develop\shopProject1\shopProject\egg-bicycleStore\node_modules\egg-logrotator\app\schedule\rotate_by_file.js next time will execute at 2018-06-15 00:00:01.000
2018-06-14 09:03:27,058 INFO 1484 [Timer] D:\develop\shopProject1\shopProject\egg-bicycleStore\node_modules\egg-logrotator\app\schedule\clean_log.js next time will execute at 2018-06-15 00:00:00.000
2018-06-14 09:03:27,058 INFO 1484 [Timer] D:\develop\shopProject1\shopProject\egg-bicycleStore\node_modules\egg-logrotator\app\schedule\rotate_by_file.js next time will execute at 2018-06-15 00:00:01.000
2018-06-14 09:07:00,109 INFO 5100 [Timer] D:\develop\shopProject1\shopProject\egg-bicycleStore\node_modules\egg-logrotator\app\schedule\clean_log.js next time will execute at 2018-06-15 00:00:00.000
2018-06-14 09:07:00,110 INFO 5100 [Timer] D:\develop\shopProject1\shopProject\egg-bicycleStore\node_modules\egg-logrotator\app\schedule\rotate_by_file.js next time will execute at 2018-06-15 00:00:01.000
2018-06-14 10:39:04,945 INFO 12228 [Timer] D:\develop\shopProject1\shopProject\egg-bicycleStore\node_modules\egg-logrotator\app\schedule\clean_log.js next time will execute at 2018-06-15 00:00:00.000
2018-06-14 10:39:04,945 INFO 12228 [Timer] D:\develop\shopProject1\shopProject\egg-bicycleStore\node_modules\egg-logrotator\app\schedule\rotate_by_file.js next time will execute at 2018-06-15 00:00:01.000
2018-06-15 08:38:11,763 INFO 10808 [Timer] D:\develop\shopProject1\shopProject\egg-bicycleStore\node_modules\egg-logrotator\app\schedule\clean_log.js next time will execute at 2018-06-16 00:00:00.000
2018-06-15 08:38:11,763 INFO 10808 [Timer] D:\develop\shopProject1\shopProject\egg-bicycleStore\node_modules\egg-logrotator\app\schedule\rotate_by_file.js next time will execute at 2018-06-16 00:00:01.000
2018-06-15 11:13:43,756 INFO 10492 [Timer] D:\develop\shopProject1\shopProject\egg-bicycleStore\node_modules\egg-logrotator\app\schedule\clean_log.js next time will execute at 2018-06-16 00:00:00.000
2018-06-15 11:13:43,756 INFO 10492 [Timer] D:\develop\shopProject1\shopProject\egg-bicycleStore\node_modules\egg-logrotator\app\schedule\rotate_by_file.js next time will execute at 2018-06-16 00:00:01.000
2018-06-15 11:31:17,011 INFO 10932 [Timer] D:\develop\shopProject1\shopProject\egg-bicycleStore\node_modules\egg-logrotator\app\schedule\clean_log.js next time will execute at 2018-06-16 00:00:00.000
2018-06-15 11:31:17,011 INFO 10932 [Timer] D:\develop\shopProject1\shopProject\egg-bicycleStore\node_modules\egg-logrotator\app\schedule\rotate_by_file.js next time will execute at 2018-06-16 00:00:01.000
2018-06-15 13:34:41,165 INFO 11152 [Timer] D:\develop\shopProject1\shopProject\egg-bicycleStore\node_modules\egg-logrotator\app\schedule\clean_log.js next time will execute at 2018-06-16 00:00:00.000
2018-06-15 13:34:41,166 INFO 11152 [Timer] D:\develop\shopProject1\shopProject\egg-bicycleStore\node_modules\egg-logrotator\app\schedule\rotate_by_file.js next time will execute at 2018-06-16 00:00:01.000
2018-06-19 08:23:37,634 INFO 10864 [Timer] D:\develop\shopProject1\shopProject\egg-bicycleStore\node_modules\egg-logrotator\app\schedule\clean_log.js next time will execute at 2018-06-20 00:00:00.000
2018-06-19 08:23:37,635 INFO 10864 [Timer] D:\develop\shopProject1\shopProject\egg-bicycleStore\node_modules\egg-logrotator\app\schedule\rotate_by_file.js next time will execute at 2018-06-20 00:00:01.000
2018-06-20 08:38:40,466 INFO 10940 [Timer] D:\develop\shopProject1\shopProject\egg-bicycleStore\node_modules\egg-logrotator\app\schedule\clean_log.js next time will execute at 2018-06-21 00:00:00.000
2018-06-20 08:38:40,467 INFO 10940 [Timer] D:\develop\shopProject1\shopProject\egg-bicycleStore\node_modules\egg-logrotator\app\schedule\rotate_by_file.js next time will execute at 2018-06-21 00:00:01.000
2018-06-21 10:14:58,530 INFO 8760 [Timer] D:\develop\shopProject1\shopProject\egg-bicycleStore\node_modules\egg-logrotator\app\schedule\clean_log.js next time will execute at 2018-06-22 00:00:00.000
2018-06-21 10:14:58,531 INFO 8760 [Timer] D:\develop\shopProject1\shopProject\egg-bicycleStore\node_modules\egg-logrotator\app\schedule\rotate_by_file.js next time will execute at 2018-06-22 00:00:01.000
2018-06-22 08:43:50,414 INFO 4868 [Timer] D:\develop\shopProject1\shopProject\egg-bicycleStore\node_modules\egg-logrotator\app\schedule\clean_log.js next time will execute at 2018-06-23 00:00:00.000
2018-06-22 08:43:50,414 INFO 4868 [Timer] D:\develop\shopProject1\shopProject\egg-bicycleStore\node_modules\egg-logrotator\app\schedule\rotate_by_file.js next time will execute at 2018-06-23 00:00:01.000
2018-06-22 13:31:07,243 INFO 14648 [Timer] D:\develop\shopProject1\shopProject\egg-bicycleStore\node_modules\egg-logrotator\app\schedule\clean_log.js next time will execute at 2018-06-23 00:00:00.000
2018-06-22 13:31:07,244 INFO 14648 [Timer] D:\develop\shopProject1\shopProject\egg-bicycleStore\node_modules\egg-logrotator\app\schedule\rotate_by_file.js next time will execute at 2018-06-23 00:00:01.000
2018-06-22 17:40:53,176 INFO 18948 [Timer] D:\develop\shopProject1\shopProject\egg-bicycleStore\node_modules\egg-logrotator\app\schedule\clean_log.js next time will execute at 2018-06-23 00:00:00.000
2018-06-22 17:40:53,177 INFO 18948 [Timer] D:\develop\shopProject1\shopProject\egg-bicycleStore\node_modules\egg-logrotator\app\schedule\rotate_by_file.js next time will execute at 2018-06-23 00:00:01.000
2018-06-22 18:38:16,034 INFO 19396 [Timer] D:\develop\shopProject1\shopProject\egg-bicycleStore\node_modules\egg-logrotator\app\schedule\clean_log.js next time will execute at 2018-06-23 00:00:00.000
2018-06-22 18:38:16,034 INFO 19396 [Timer] D:\develop\shopProject1\shopProject\egg-bicycleStore\node_modules\egg-logrotator\app\schedule\rotate_by_file.js next time will execute at 2018-06-23 00:00:01.000
2018-06-25 08:45:32,604 INFO 11448 [Timer] D:\develop\shopProject1\shopProject\egg-bicycleStore\node_modules\egg-logrotator\app\schedule\clean_log.js next time will execute at 2018-06-26 00:00:00.000
2018-06-25 08:45:32,605 INFO 11448 [Timer] D:\develop\shopProject1\shopProject\egg-bicycleStore\node_modules\egg-logrotator\app\schedule\rotate_by_file.js next time will execute at 2018-06-26 00:00:01.000
2018-06-25 14:55:56,516 INFO 13056 [Timer] D:\develop\shopProject1\shopProject\egg-bicycleStore\node_modules\egg-logrotator\app\schedule\clean_log.js next time will execute at 2018-06-26 00:00:00.000
2018-06-25 14:55:56,516 INFO 13056 [Timer] D:\develop\shopProject1\shopProject\egg-bicycleStore\node_modules\egg-logrotator\app\schedule\rotate_by_file.js next time will execute at 2018-06-26 00:00:01.000
2018-06-26 08:35:11,068 INFO 11040 [Timer] D:\develop\shopProject1\shopProject\egg-bicycleStore\node_modules\egg-logrotator\app\schedule\clean_log.js next time will execute at 2018-06-27 00:00:00.000
2018-06-26 08:35:11,068 INFO 11040 [Timer] D:\develop\shopProject1\shopProject\egg-bicycleStore\node_modules\egg-logrotator\app\schedule\rotate_by_file.js next time will execute at 2018-06-27 00:00:01.000
2018-06-27 10:52:45,813 INFO 11144 [Timer] D:\develop\shopProject1\shopProject\egg-bicycleStore\node_modules\egg-logrotator\app\schedule\clean_log.js next time will execute at 2018-06-28 00:00:00.000
2018-06-27 10:52:45,813 INFO 11144 [Timer] D:\develop\shopProject1\shopProject\egg-bicycleStore\node_modules\egg-logrotator\app\schedule\rotate_by_file.js next time will execute at 2018-06-28 00:00:01.000
2018-06-28 08:38:45,267 INFO 10196 [Timer] D:\develop\shopProject1\shopProject\egg-bicycleStore\node_modules\egg-logrotator\app\schedule\clean_log.js next time will execute at 2018-06-29 00:00:00.000
2018-06-28 08:38:45,267 INFO 10196 [Timer] D:\develop\shopProject1\shopProject\egg-bicycleStore\node_modules\egg-logrotator\app\schedule\rotate_by_file.js next time will execute at 2018-06-29 00:00:01.000
2018-06-28 16:48:54,332 INFO 15128 [Timer] D:\develop\shopProject1\shopProject\egg-bicycleStore\node_modules\egg-logrotator\app\schedule\clean_log.js next time will execute at 2018-06-29 00:00:00.000
2018-06-28 16:48:54,332 INFO 15128 [Timer] D:\develop\shopProject1\shopProject\egg-bicycleStore\node_modules\egg-logrotator\app\schedule\rotate_by_file.js next time will execute at 2018-06-29 00:00:01.000
2018-06-29 08:38:27,854 INFO 3196 [Timer] D:\develop\shopProject1\shopProject\egg-bicycleStore\node_modules\egg-logrotator\app\schedule\clean_log.js next time will execute at 2018-06-30 00:00:00.000
2018-06-29 08:38:27,855 INFO 3196 [Timer] D:\develop\shopProject1\shopProject\egg-bicycleStore\node_modules\egg-logrotator\app\schedule\rotate_by_file.js next time will execute at 2018-06-30 00:00:01.000
2018-06-29 10:25:32,439 INFO 13816 [Timer] D:\develop\shopProject1\shopProject\egg-bicycleStore\node_modules\egg-logrotator\app\schedule\clean_log.js next time will execute at 2018-06-30 00:00:00.000
2018-06-29 10:25:32,439 INFO 13816 [Timer] D:\develop\shopProject1\shopProject\egg-bicycleStore\node_modules\egg-logrotator\app\schedule\rotate_by_file.js next time will execute at 2018-06-30 00:00:01.000
2018-06-29 11:36:33,254 INFO 12388 [Timer] D:\develop\shopProject1\shopProject\egg-bicycleStore\node_modules\egg-logrotator\app\schedule\clean_log.js next time will execute at 2018-06-30 00:00:00.000
2018-06-29 11:36:33,254 INFO 12388 [Timer] D:\develop\shopProject1\shopProject\egg-bicycleStore\node_modules\egg-logrotator\app\schedule\rotate_by_file.js next time will execute at 2018-06-30 00:00:01.000
2018-06-29 14:20:59,723 INFO 15356 [Timer] D:\develop\shopProject1\shopProject\egg-bicycleStore\node_modules\egg-logrotator\app\schedule\clean_log.js next time will execute at 2018-06-30 00:00:00.000
2018-06-29 14:20:59,723 INFO 15356 [Timer] D:\develop\shopProject1\shopProject\egg-bicycleStore\node_modules\egg-logrotator\app\schedule\rotate_by_file.js next time will execute at 2018-06-30 00:00:01.000
2018-07-02 08:49:28,326 INFO 11760 [Timer] D:\develop\shopProject1\shopProject\egg-bicycleStore\node_modules\egg-logrotator\app\schedule\clean_log.js next time will execute at 2018-07-03 00:00:00.000
2018-07-02 08:49:28,326 INFO 11760 [Timer] D:\develop\shopProject1\shopProject\egg-bicycleStore\node_modules\egg-logrotator\app\schedule\rotate_by_file.js next time will execute at 2018-07-03 00:00:01.000
2018-07-02 10:39:53,489 INFO 13792 [Timer] D:\develop\shopProject1\shopProject\egg-bicycleStore\node_modules\egg-logrotator\app\schedule\clean_log.js next time will execute at 2018-07-03 00:00:00.000
2018-07-02 10:39:53,489 INFO 13792 [Timer] D:\develop\shopProject1\shopProject\egg-bicycleStore\node_modules\egg-logrotator\app\schedule\rotate_by_file.js next time will execute at 2018-07-03 00:00:01.000
2018-07-03 08:43:16,807 INFO 10268 [Timer] D:\develop\shopProject1\shopProject\egg-bicycleStore\node_modules\egg-logrotator\app\schedule\clean_log.js next time will execute at 2018-07-04 00:00:00.000
2018-07-03 08:43:16,808 INFO 10268 [Timer] D:\develop\shopProject1\shopProject\egg-bicycleStore\node_modules\egg-logrotator\app\schedule\rotate_by_file.js next time will execute at 2018-07-04 00:00:01.000
2018-07-03 11:31:02,277 INFO 12080 [Timer] D:\develop\shopProject1\shopProject\egg-bicycleStore\node_modules\egg-logrotator\app\schedule\clean_log.js next time will execute at 2018-07-04 00:00:00.000
2018-07-03 11:31:02,277 INFO 12080 [Timer] D:\develop\shopProject1\shopProject\egg-bicycleStore\node_modules\egg-logrotator\app\schedule\rotate_by_file.js next time will execute at 2018-07-04 00:00:01.000
2018-07-04 08:46:24,619 INFO 12600 [Timer] D:\develop\shopProject1\shopProject\egg-bicycleStore\node_modules\egg-logrotator\app\schedule\clean_log.js next time will execute at 2018-07-05 00:00:00.000
2018-07-04 08:46:24,619 INFO 12600 [Timer] D:\develop\shopProject1\shopProject\egg-bicycleStore\node_modules\egg-logrotator\app\schedule\rotate_by_file.js next time will execute at 2018-07-05 00:00:01.000
2018-07-04 10:10:21,523 INFO 14664 [Timer] D:\develop\shopProject1\shopProject\egg-bicycleStore\node_modules\egg-logrotator\app\schedule\clean_log.js next time will execute at 2018-07-05 00:00:00.000
2018-07-04 10:10:21,524 INFO 14664 [Timer] D:\develop\shopProject1\shopProject\egg-bicycleStore\node_modules\egg-logrotator\app\schedule\rotate_by_file.js next time will execute at 2018-07-05 00:00:01.000
2018-07-04 15:51:02,928 INFO 1152 [Timer] D:\develop\shopProject1\shopProject\egg-bicycleStore\node_modules\egg-logrotator\app\schedule\clean_log.js next time will execute at 2018-07-05 00:00:00.000
2018-07-04 15:51:02,928 INFO 1152 [Timer] D:\develop\shopProject1\shopProject\egg-bicycleStore\node_modules\egg-logrotator\app\schedule\rotate_by_file.js next time will execute at 2018-07-05 00:00:01.000
2018-07-04 17:18:44,974 INFO 17132 [Timer] D:\develop\shopProject1\shopProject\egg-bicycleStore\node_modules\egg-logrotator\app\schedule\clean_log.js next time will execute at 2018-07-05 00:00:00.000
2018-07-04 17:18:44,975 INFO 17132 [Timer] D:\develop\shopProject1\shopProject\egg-bicycleStore\node_modules\egg-logrotator\app\schedule\rotate_by_file.js next time will execute at 2018-07-05 00:00:01.000
2018-07-05 08:41:12,559 INFO 12660 [Timer] D:\develop\shopProject1\shopProject\egg-bicycleStore\node_modules\egg-logrotator\app\schedule\clean_log.js next time will execute at 2018-07-06 00:00:00.000
2018-07-05 08:41:12,560 INFO 12660 [Timer] D:\develop\shopProject1\shopProject\egg-bicycleStore\node_modules\egg-logrotator\app\schedule\rotate_by_file.js next time will execute at 2018-07-06 00:00:01.000
2018-07-05 16:36:44,002 INFO 14560 [Timer] D:\develop\shopProject1\shopProject\egg-bicycleStore\node_modules\egg-logrotator\app\schedule\clean_log.js next time will execute at 2018-07-06 00:00:00.000
2018-07-05 16:36:44,003 INFO 14560 [Timer] D:\develop\shopProject1\shopProject\egg-bicycleStore\node_modules\egg-logrotator\app\schedule\rotate_by_file.js next time will execute at 2018-07-06 00:00:01.000
2018-07-05 18:10:21,361 INFO 4560 [Timer] D:\develop\shopProject1\shopProject\egg-bicycleStore\node_modules\egg-logrotator\app\schedule\clean_log.js next time will execute at 2018-07-06 00:00:00.000
2018-07-05 18:10:21,361 INFO 4560 [Timer] D:\develop\shopProject1\shopProject\egg-bicycleStore\node_modules\egg-logrotator\app\schedule\rotate_by_file.js next time will execute at 2018-07-06 00:00:01.000
2018-07-05 18:59:56,600 INFO 11848 [Timer] D:\develop\shopProject1\shopProject\egg-bicycleStore\node_modules\egg-logrotator\app\schedule\clean_log.js next time will execute at 2018-07-06 00:00:00.000
2018-07-05 18:59:56,601 INFO 11848 [Timer] D:\develop\shopProject1\shopProject\egg-bicycleStore\node_modules\egg-logrotator\app\schedule\rotate_by_file.js next time will execute at 2018-07-06 00:00:01.000
2018-07-06 09:12:27,453 INFO 12584 [Timer] D:\develop\shopProject1\shopProject\egg-bicycleStore\node_modules\egg-logrotator\app\schedule\clean_log.js next time will execute at 2018-07-07 00:00:00.000
2018-07-06 09:12:27,454 INFO 12584 [Timer] D:\develop\shopProject1\shopProject\egg-bicycleStore\node_modules\egg-logrotator\app\schedule\rotate_by_file.js next time will execute at 2018-07-07 00:00:01.000
2018-07-18 14:13:54,213 INFO 13816 [Timer] D:\develop\shopProject1\shopProject\egg-bicycleStore\node_modules\egg-logrotator\app\schedule\clean_log.js next time will execute at 2018-07-19 00:00:00.000
2018-07-18 14:13:54,214 INFO 13816 [Timer] D:\develop\shopProject1\shopProject\egg-bicycleStore\node_modules\egg-logrotator\app\schedule\rotate_by_file.js next time will execute at 2018-07-19 00:00:01.000
2018-08-08 13:37:12,578 INFO 14352 [Timer] D:\develop\shopProject1\shopProject\egg-bicycleStore\node_modules\egg-logrotator\app\schedule\clean_log.js next time will execute at 2018-08-09 00:00:00.000
2018-08-08 13:37:12,579 INFO 14352 [Timer] D:\develop\shopProject1\shopProject\egg-bicycleStore\node_modules\egg-logrotator\app\schedule\rotate_by_file.js next time will execute at 2018-08-09 00:00:01.000
2018-08-10 10:50:30,586 INFO 12020 [Timer] D:\develop\shopProject1\shopProject\egg-bicycleStore\node_modules\egg-logrotator\app\schedule\clean_log.js next time will execute at 2018-08-11 00:00:00.000
2018-08-10 10:50:30,586 INFO 12020 [Timer] D:\develop\shopProject1\shopProject\egg-bicycleStore\node_modules\egg-logrotator\app\schedule\rotate_by_file.js next time will execute at 2018-08-11 00:00:01.000
2018-08-16 08:46:39,287 INFO 5588 [Timer] D:\develop\shopProject1\shopProject\egg-bicycleStore\node_modules\egg-logrotator\app\schedule\clean_log.js next time will execute at 2018-08-17 00:00:00.000
2018-08-16 08:46:39,287 INFO 5588 [Timer] D:\develop\shopProject1\shopProject\egg-bicycleStore\node_modules\egg-logrotator\app\schedule\rotate_by_file.js next time will execute at 2018-08-17 00:00:01.000
2018-08-17 08:46:54,395 INFO 11032 [Timer] D:\develop\shopProject1\shopProject\egg-bicycleStore\node_modules\egg-logrotator\app\schedule\clean_log.js next time will execute at 2018-08-18 00:00:00.000
2018-08-17 08:46:54,396 INFO 11032 [Timer] D:\develop\shopProject1\shopProject\egg-bicycleStore\node_modules\egg-logrotator\app\schedule\rotate_by_file.js next time will execute at 2018-08-18 00:00:01.000
2018-08-17 10:16:17,915 INFO 13272 [Timer] D:\develop\shopProject1\shopProject\egg-bicycleStore\node_modules\egg-logrotator\app\schedule\clean_log.js next time will execute at 2018-08-18 00:00:00.000
2018-08-17 10:16:17,916 INFO 13272 [Timer] D:\develop\shopProject1\shopProject\egg-bicycleStore\node_modules\egg-logrotator\app\schedule\rotate_by_file.js next time will execute at 2018-08-18 00:00:01.000
2018-08-17 10:27:30,773 INFO 7624 [Timer] D:\develop\shopProject1\shopProject\egg-bicycleStore\node_modules\egg-logrotator\app\schedule\clean_log.js next time will execute at 2018-08-18 00:00:00.000
2018-08-17 10:27:30,774 INFO 7624 [Timer] D:\develop\shopProject1\shopProject\egg-bicycleStore\node_modules\egg-logrotator\app\schedule\rotate_by_file.js next time will execute at 2018-08-18 00:00:01.000
2018-08-17 14:35:23,381 INFO 15540 [Timer] D:\develop\shopProject1\shopProject\egg-bicycleStore\node_modules\egg-logrotator\app\schedule\clean_log.js next time will execute at 2018-08-18 00:00:00.000
2018-08-17 14:35:23,382 INFO 15540 [Timer] D:\develop\shopProject1\shopProject\egg-bicycleStore\node_modules\egg-logrotator\app\schedule\rotate_by_file.js next time will execute at 2018-08-18 00:00:01.000
2018-08-17 14:47:22,053 INFO 14428 [Timer] D:\develop\shopProject1\shopProject\egg-bicycleStore\node_modules\egg-logrotator\app\schedule\clean_log.js next time will execute at 2018-08-18 00:00:00.000
2018-08-17 14:47:22,053 INFO 14428 [Timer] D:\develop\shopProject1\shopProject\egg-bicycleStore\node_modules\egg-logrotator\app\schedule\rotate_by_file.js next time will execute at 2018-08-18 00:00:01.000
2018-08-17 16:19:10,978 INFO 15296 [Timer] D:\develop\shopProject1\shopProject\egg-bicycleStore\node_modules\egg-logrotator\app\schedule\clean_log.js next time will execute at 2018-08-18 00:00:00.000
2018-08-17 16:19:10,979 INFO 15296 [Timer] D:\develop\shopProject1\shopProject\egg-bicycleStore\node_modules\egg-logrotator\app\schedule\rotate_by_file.js next time will execute at 2018-08-18 00:00:01.000
2018-08-17 16:22:08,229 INFO 11940 [Timer] D:\develop\shopProject1\shopProject\egg-bicycleStore\node_modules\egg-logrotator\app\schedule\clean_log.js next time will execute at 2018-08-18 00:00:00.000
2018-08-17 16:22:08,230 INFO 11940 [Timer] D:\develop\shopProject1\shopProject\egg-bicycleStore\node_modules\egg-logrotator\app\schedule\rotate_by_file.js next time will execute at 2018-08-18 00:00:01.000
2018-08-17 16:24:39,787 INFO 18308 [Timer] D:\develop\shopProject1\shopProject\egg-bicycleStore\node_modules\egg-logrotator\app\schedule\clean_log.js next time will execute at 2018-08-18 00:00:00.000
2018-08-17 16:24:39,787 INFO 18308 [Timer] D:\develop\shopProject1\shopProject\egg-bicycleStore\node_modules\egg-logrotator\app\schedule\rotate_by_file.js next time will execute at 2018-08-18 00:00:01.000
2018-08-21 08:41:19,226 INFO 8972 [Timer] D:\develop\shopProject1\shopProject\egg-bicycleStore\node_modules\egg-logrotator\app\schedule\clean_log.js next time will execute at 2018-08-22 00:00:00.000
2018-08-21 08:41:19,227 INFO 8972 [Timer] D:\develop\shopProject1\shopProject\egg-bicycleStore\node_modules\egg-logrotator\app\schedule\rotate_by_file.js next time will execute at 2018-08-22 00:00:01.000
2018-08-22 15:49:21,887 INFO 18436 [Timer] D:\develop\shopProject1\shopProject\egg-bicycleStore\node_modules\egg-logrotator\app\schedule\clean_log.js next time will execute at 2018-08-23 00:00:00.000
2018-08-22 15:49:21,887 INFO 18436 [Timer] D:\develop\shopProject1\shopProject\egg-bicycleStore\node_modules\egg-logrotator\app\schedule\rotate_by_file.js next time will execute at 2018-08-23 00:00:01.000
2018-08-22 16:48:25,055 INFO 16648 [Timer] D:\develop\shopProject1\shopProject\egg-bicycleStore\node_modules\egg-logrotator\app\schedule\clean_log.js next time will execute at 2018-08-23 00:00:00.000
2018-08-22 16:48:25,055 INFO 16648 [Timer] D:\develop\shopProject1\shopProject\egg-bicycleStore\node_modules\egg-logrotator\app\schedule\rotate_by_file.js next time will execute at 2018-08-23 00:00:01.000
2018-08-23 08:54:17,744 INFO 14696 [Timer] D:\develop\shopProject1\shopProject\egg-bicycleStore\node_modules\egg-logrotator\app\schedule\clean_log.js next time will execute at 2018-08-24 00:00:00.000
2018-08-23 08:54:17,745 INFO 14696 [Timer] D:\develop\shopProject1\shopProject\egg-bicycleStore\node_modules\egg-logrotator\app\schedule\rotate_by_file.js next time will execute at 2018-08-24 00:00:01.000
2018-08-24 08:49:49,703 INFO 8556 [Timer] D:\develop\shopProject1\shopProject\egg-bicycleStore\node_modules\egg-logrotator\app\schedule\clean_log.js next time will execute at 2018-08-25 00:00:00.000
2018-08-24 08:49:49,704 INFO 8556 [Timer] D:\develop\shopProject1\shopProject\egg-bicycleStore\node_modules\egg-logrotator\app\schedule\rotate_by_file.js next time will execute at 2018-08-25 00:00:01.000
2018-08-27 08:49:59,649 INFO 12272 [Timer] D:\develop\shopProject1\shopProject\egg-bicycleStore\node_modules\egg-logrotator\app\schedule\clean_log.js next time will execute at 2018-08-28 00:00:00.000
2018-08-27 08:49:59,650 INFO 12272 [Timer] D:\develop\shopProject1\shopProject\egg-bicycleStore\node_modules\egg-logrotator\app\schedule\rotate_by_file.js next time will execute at 2018-08-28 00:00:01.000
2018-08-27 16:48:37,578 INFO 14044 [Timer] D:\develop\shopProject1\shopProject\egg-bicycleStore\node_modules\egg-logrotator\app\schedule\clean_log.js next time will execute at 2018-08-28 00:00:00.000
2018-08-27 16:48:37,578 INFO 14044 [Timer] D:\develop\shopProject1\shopProject\egg-bicycleStore\node_modules\egg-logrotator\app\schedule\rotate_by_file.js next time will execute at 2018-08-28 00:00:01.000
